<?xml version="1.0" encoding="UTF-8"?>
<testng-results ignored="0" total="3" passed="3" failed="0" skipped="0">
  <reporter-output>
  </reporter-output>
  <suite started-at="2021-03-31T05:31:31 CEST" name="Default suite" finished-at="2021-03-31T05:32:51 CEST" duration-ms="80218">
    <groups>
    </groups>
    <test started-at="2021-03-31T05:31:31 CEST" name="Default test" finished-at="2021-03-31T05:32:51 CEST" duration-ms="80218">
      <class name="com.is.palmbusapp_automation.PalmbusAutomation">
        <test-method signature="test1AddFavorite()[pri:0, instance:com.is.palmbusapp_automation.PalmbusAutomation@61001b64]" started-at="2021-03-31T05:31:31 CEST" name="test1AddFavorite" finished-at="2021-03-31T05:32:24 CEST" duration-ms="52904" status="PASS">
          <reporter-output>
          </reporter-output>
        </test-method> <!-- test1AddFavorite -->
        <test-method signature="test2SearchFavorite()[pri:0, instance:com.is.palmbusapp_automation.PalmbusAutomation@61001b64]" started-at="2021-03-31T05:32:24 CEST" name="test2SearchFavorite" finished-at="2021-03-31T05:32:44 CEST" duration-ms="20093" status="PASS">
          <reporter-output>
          </reporter-output>
        </test-method> <!-- test2SearchFavorite -->
        <test-method signature="test3DeleteFavorite()[pri:0, instance:com.is.palmbusapp_automation.PalmbusAutomation@61001b64]" started-at="2021-03-31T05:32:44 CEST" name="test3DeleteFavorite" finished-at="2021-03-31T05:32:51 CEST" duration-ms="7183" status="PASS">
          <reporter-output>
          </reporter-output>
        </test-method> <!-- test3DeleteFavorite -->
      </class> <!-- com.is.palmbusapp_automation.PalmbusAutomation -->
    </test> <!-- Default test -->
  </suite> <!-- Default suite -->
</testng-results>
