<?xml version="1.0" encoding="UTF-8"?>
<!-- Generated by org.testng.reporters.JUnitXMLReporter -->
<testsuite ignored="0" hostname="NCEL61032" failures="0" tests="3" name="Default test" time="80.218" errors="0" timestamp="2021-03-31T05:32:51 CEST">
  <testcase classname="com.is.palmbusapp_automation.PalmbusAutomation" name="test1AddFavorite" time="52.904"/>
  <testcase classname="com.is.palmbusapp_automation.PalmbusAutomation" name="test2SearchFavorite" time="20.093"/>
  <testcase classname="com.is.palmbusapp_automation.PalmbusAutomation" name="test3DeleteFavorite" time="7.183"/>
</testsuite> <!-- Default test -->
